<?xml version="1.0" encoding="UTF-8"?>
<!-- Generated by org.testng.reporters.JUnitXMLReporter -->
<testsuite hostname="DESKTOP-0RQF8FK" name="Calcualtor Addition TestCase" tests="1" failures="1" timestamp="30 Mar 2021 05:37:03 GMT" time="9.566" errors="0">
  <testcase name="checkAddition" time="1.309" classname="calculator.tests.AdditionTest">
    <failure type="java.io.IOException" message="Stream Closed">
      <![CDATA[java.io.IOException: Stream Closed
	at java.io.FileInputStream.available(Native Method)
	at java.io.BufferedInputStream.read(Unknown Source)
	at java.io.FilterInputStream.read(Unknown Source)
	at java.io.PushbackInputStream.read(Unknown Source)
	at java.io.FilterInputStream.read(Unknown Source)
	at org.apache.commons.compress.archivers.zip.ZipArchiveInputStream.fill(ZipArchiveInputStream.java:785)
	at org.apache.commons.compress.archivers.zip.ZipArchiveInputStream.readFromInflater(ZipArchiveInputStream.java:574)
	at org.apache.commons.compress.archivers.zip.ZipArchiveInputStream.readDeflated(ZipArchiveInputStream.java:551)
	at org.apache.commons.compress.archivers.zip.ZipArchiveInputStream.read(ZipArchiveInputStream.java:458)
	at java.io.FilterInputStream.read(Unknown Source)
	at org.apache.poi.openxml4j.util.ZipArchiveThresholdInputStream.read(ZipArchiveThresholdInputStream.java:80)
	at org.apache.poi.util.IOUtils.toByteArray(IOUtils.java:182)
	at org.apache.poi.util.IOUtils.toByteArray(IOUtils.java:149)
	at org.apache.poi.util.IOUtils.toByteArray(IOUtils.java:136)
	at org.apache.poi.openxml4j.util.ZipArchiveFakeEntry.<init>(ZipArchiveFakeEntry.java:47)
	at org.apache.poi.openxml4j.util.ZipInputStreamZipEntrySource.<init>(ZipInputStreamZipEntrySource.java:53)
	at org.apache.poi.openxml4j.opc.ZipPackage.<init>(ZipPackage.java:106)
	at org.apache.poi.openxml4j.opc.OPCPackage.open(OPCPackage.java:307)
	at org.apache.poi.ooxml.util.PackageHelper.open(PackageHelper.java:47)
	at org.apache.poi.xssf.usermodel.XSSFWorkbook.<init>(XSSFWorkbook.java:309)
	at utils.XLUtils.getNumerciCellData(XLUtils.java:75)
	at calculator.tests.AdditionTest.checkAddition(AdditionTest.java:28)
	at java.util.concurrent.FutureTask.run(Unknown Source)
	at java.util.concurrent.ThreadPoolExecutor.runWorker(Unknown Source)
	at java.util.concurrent.ThreadPoolExecutor$Worker.run(Unknown Source)
	at java.lang.Thread.run(Unknown Source)
... Removed 16 stack frames]]>
    </failure>
  </testcase> <!-- checkAddition -->
</testsuite> <!-- Calcualtor Addition TestCase -->
